current directory: /Users/vikramadhiman/Sites/jekyll/github2/path/ruby/2.6.0/gems/unf_ext-0.0.8/ext/unf_ext
/Users/vikramadhiman/.rbenv/versions/2.6.3/bin/ruby -I /Users/vikramadhiman/.rbenv/versions/2.6.3/lib/ruby/2.6.0 -r ./siteconf20220117-18936-170wqav.rb extconf.rb
checking for -lstdc++... yes
creating Makefile

current directory: /Users/vikramadhiman/Sites/jekyll/github2/path/ruby/2.6.0/gems/unf_ext-0.0.8/ext/unf_ext
make "DESTDIR=" clean

current directory: /Users/vikramadhiman/Sites/jekyll/github2/path/ruby/2.6.0/gems/unf_ext-0.0.8/ext/unf_ext
make "DESTDIR="
compiling unf.cc
In file included from unf.cc:1:
In file included from ./unf/normalizer.hh:8:
In file included from ./unf/trie/searcher.hh:4:
./unf/trie/char_stream.hh:52:56: warning: implicit conversion loses integer precision: 'long' to 'unsigned int' [-Wshorten-64-to-32]
      unsigned offset() const { return cur1-beg1 + cur2-beg2; }
                                ~~~~~~ ~~~~~~~~~~~~~~~~^~~~~
./unf/trie/char_stream.hh:89:25: warning: implicit conversion loses integer precision: 'std::__1::basic_string<char>::size_type' (aka 'unsigned long') to 'unsigned int' [-Wshorten-64-to-32]
        skipped_tail = skipped.size();
                     ~ ~~~~~~~~^~~~~~
In file included from unf.cc:1:
In file included from ./unf/normalizer.hh:8:
./unf/trie/searcher.hh:49:25: warning: implicit conversion loses integer precision: 'long' to 'unsigned int' [-Wshorten-64-to-32]
        unsigned beg = in.cur()-str;
                 ~~~   ~~~~~~~~^~~~
./unf/trie/searcher.hh:59:27: warning: implicit conversion loses integer precision: 'long' to 'unsigned int' [-Wshorten-64-to-32]
              sort_end = in.cur()-str;
                       ~ ~~~~~~~~^~~~
In file included from unf.cc:1:
./unf/normalizer.hh:60:27: warning: implicit conversion loses integer precision: 'std::__1::basic_string<char>::size_type' (aka 'unsigned long') to 'unsigned int' [-Wshorten-64-to-32]
      unsigned last = buf.size();
               ~~~~   ~~~~^~~~~~
5 warnings generated.
linking shared-object unf_ext.bundle

current directory: /Users/vikramadhiman/Sites/jekyll/github2/path/ruby/2.6.0/gems/unf_ext-0.0.8/ext/unf_ext
make "DESTDIR=" install
/usr/bin/install -c -m 0755 unf_ext.bundle ./.gem.20220117-18936-jesvc1
